-1453709796
165
1 1
1 162
1 162
1 162
1 162
1 162
1 162
1 162
1 162
1 162
1 162
1 162
1 162
1 162
1 162
1 162
1 162
1 162
1 162
1 162
1 162
1 162
1 162
1 162
1 162
1 162
1 162
1 162
1 162
1 162
1 162
1 162
1 162
1 162
1 162
1 162
1 162
1 162
1 162
1 162
1 162
1 162
1 162
1 162
1 162
1 162
1 162
1 162
1 162
1 162
1 162
1 162
1 162
1 162
1 162
1 162
1 162
1 162
1 162
1 162
1 162
1 162
1 162
1 162
1 162
1 162
1 162
1 162
1 162
1 162
1 162
1 162
1 162
1 162
1 162
1 162
1 162
1 162
1 162
1 162
1 162
1 162
1 162
1 162
1 162
1 162
1 162
1 162
1 162
1 162
1 162
1 162
1 162
1 162
1 162
1 162
1 162
1 162
1 162
1 162
1 162
1 162
1 162
1 162
1 162
1 162
1 162
1 162
1 162
1 162
1 162
1 162
1 162
1 162
1 162
1 162
1 162
1 162
1 162
1 162
1 162
1 162
1 162
1 162
1 162
1 162
1 162
1 162
1 162
1 162
1 162
1 162
1 162
1 162
1 162
1 162
1 162
1 162
1 162
1 162
1 162
1 162
1 162
1 162
1 162
1 162
1 162
1 162
1 162
1 162
1 162
1 162
1 162
1 162
1 162
1 162
1 162
1 162
1 162
1 162
1 162
1 162
2 162
2 163
3 2
